/test/cpp/cpp46-include.c:2: error: Unable to open include file assert.h
/test/cpp/cpp46-include.c:3: error: Unable to open include file ctype.h
/test/cpp/cpp46-include.c:4: error: Unable to open include file errno.h
/test/cpp/cpp46-include.c:5: error: Unable to open include file float.h
/test/cpp/cpp46-include.c:6: error: Unable to open include file limits.h
/test/cpp/cpp46-include.c:7: error: Unable to open include file locale.h
/test/cpp/cpp46-include.c:8: error: Unable to open include file math.h
/test/cpp/cpp46-include.c:9: error: Unable to open include file setjmp.h
/test/cpp/cpp46-include.c:10: error: Unable to open include file signal.h
/test/cpp/cpp46-include.c:11: error: Unable to open include file stdarg.h
/test/cpp/cpp46-include.c:12: error: Unable to open include file stddef.h
/test/cpp/cpp46-include.c:13: error: Unable to open include file stdio.h
/test/cpp/cpp46-include.c:14: error: Unable to open include file string.h
/test/cpp/cpp46-include.c:15: error: Unable to open include file time.h
